[INFO][2017-03-26 19:21:17,827][org.springframework.context.support.ClassPathXmlApplicationContext]Refreshing org.springframework.context.support.ClassPathXmlApplicationContext@2fb3f8f6: startup date [Sun Mar 26 19:21:17 CST 2017]; root of context hierarchy
[INFO][2017-03-26 19:21:17,953][org.springframework.beans.factory.xml.XmlBeanDefinitionReader]Loading XML bean definitions from class path resource [spring.xml]
[INFO][2017-03-26 19:21:18,452][org.springframework.beans.factory.config.PropertyPlaceholderConfigurer]Loading properties file from class path resource [config.properties]
[INFO][2017-03-26 19:21:18,474][org.springframework.beans.factory.support.DefaultListableBeanFactory]Pre-instantiating singletons in org.springframework.beans.factory.support.DefaultListableBeanFactory@7afaa550: defining beans [org.springframework.beans.factory.config.PropertyPlaceholderConfigurer#0,userServise,org.springframework.context.annotation.internalConfigurationAnnotationProcessor,org.springframework.context.annotation.internalAutowiredAnnotationProcessor,org.springframework.context.annotation.internalRequiredAnnotationProcessor,org.springframework.context.annotation.internalCommonAnnotationProcessor,org.springframework.context.annotation.ConfigurationClassPostProcessor$ImportAwareBeanPostProcessor#0]; root of factory hierarchy
[INFO][2017-03-26 19:25:04,646][org.springframework.context.support.ClassPathXmlApplicationContext]Refreshing org.springframework.context.support.ClassPathXmlApplicationContext@2fb3f8f6: startup date [Sun Mar 26 19:25:04 CST 2017]; root of context hierarchy
[INFO][2017-03-26 19:25:04,712][org.springframework.beans.factory.xml.XmlBeanDefinitionReader]Loading XML bean definitions from class path resource [spring.xml]
[INFO][2017-03-26 19:25:05,078][org.springframework.beans.factory.config.PropertyPlaceholderConfigurer]Loading properties file from class path resource [config.properties]
[INFO][2017-03-26 19:25:05,093][org.springframework.beans.factory.support.DefaultListableBeanFactory]Pre-instantiating singletons in org.springframework.beans.factory.support.DefaultListableBeanFactory@1fe903d5: defining beans [org.springframework.beans.factory.config.PropertyPlaceholderConfigurer#0,userServise,org.springframework.context.annotation.internalConfigurationAnnotationProcessor,org.springframework.context.annotation.internalAutowiredAnnotationProcessor,org.springframework.context.annotation.internalRequiredAnnotationProcessor,org.springframework.context.annotation.internalCommonAnnotationProcessor,org.springframework.context.annotation.ConfigurationClassPostProcessor$ImportAwareBeanPostProcessor#0]; root of factory hierarchy
[INFO][2017-03-26 19:29:08,279][org.springframework.context.support.ClassPathXmlApplicationContext]Refreshing org.springframework.context.support.ClassPathXmlApplicationContext@2fb3f8f6: startup date [Sun Mar 26 19:29:08 CST 2017]; root of context hierarchy
[INFO][2017-03-26 19:29:08,341][org.springframework.beans.factory.xml.XmlBeanDefinitionReader]Loading XML bean definitions from class path resource [spring.xml]
[INFO][2017-03-26 19:29:08,641][org.springframework.beans.factory.config.PropertyPlaceholderConfigurer]Loading properties file from class path resource [config.properties]
[INFO][2017-03-26 19:29:08,655][org.springframework.beans.factory.support.DefaultListableBeanFactory]Pre-instantiating singletons in org.springframework.beans.factory.support.DefaultListableBeanFactory@1fe903d5: defining beans [org.springframework.beans.factory.config.PropertyPlaceholderConfigurer#0,userServise,org.springframework.context.annotation.internalConfigurationAnnotationProcessor,org.springframework.context.annotation.internalAutowiredAnnotationProcessor,org.springframework.context.annotation.internalRequiredAnnotationProcessor,org.springframework.context.annotation.internalCommonAnnotationProcessor,org.springframework.context.annotation.ConfigurationClassPostProcessor$ImportAwareBeanPostProcessor#0]; root of factory hierarchy
[INFO][2017-03-26 19:31:05,860][org.springframework.context.support.ClassPathXmlApplicationContext]Refreshing org.springframework.context.support.ClassPathXmlApplicationContext@2fb3f8f6: startup date [Sun Mar 26 19:31:05 CST 2017]; root of context hierarchy
[INFO][2017-03-26 19:31:05,920][org.springframework.beans.factory.xml.XmlBeanDefinitionReader]Loading XML bean definitions from class path resource [spring.xml]
[INFO][2017-03-26 19:31:06,241][org.springframework.beans.factory.config.PropertyPlaceholderConfigurer]Loading properties file from class path resource [config.properties]
[INFO][2017-03-26 19:31:06,254][org.springframework.beans.factory.support.DefaultListableBeanFactory]Pre-instantiating singletons in org.springframework.beans.factory.support.DefaultListableBeanFactory@7afaa550: defining beans [org.springframework.beans.factory.config.PropertyPlaceholderConfigurer#0,userServise,org.springframework.context.annotation.internalConfigurationAnnotationProcessor,org.springframework.context.annotation.internalAutowiredAnnotationProcessor,org.springframework.context.annotation.internalRequiredAnnotationProcessor,org.springframework.context.annotation.internalCommonAnnotationProcessor,org.springframework.context.annotation.ConfigurationClassPostProcessor$ImportAwareBeanPostProcessor#0]; root of factory hierarchy
[INFO][2017-03-26 19:33:55,421][org.springframework.context.support.ClassPathXmlApplicationContext]Refreshing org.springframework.context.support.ClassPathXmlApplicationContext@2fb3f8f6: startup date [Sun Mar 26 19:33:55 CST 2017]; root of context hierarchy
[INFO][2017-03-26 19:33:55,485][org.springframework.beans.factory.xml.XmlBeanDefinitionReader]Loading XML bean definitions from class path resource [spring.xml]
[INFO][2017-03-26 19:33:55,792][org.springframework.beans.factory.config.PropertyPlaceholderConfigurer]Loading properties file from class path resource [config.properties]
[INFO][2017-03-26 19:33:55,805][org.springframework.beans.factory.support.DefaultListableBeanFactory]Pre-instantiating singletons in org.springframework.beans.factory.support.DefaultListableBeanFactory@1fe903d5: defining beans [org.springframework.beans.factory.config.PropertyPlaceholderConfigurer#0,userServise,org.springframework.context.annotation.internalConfigurationAnnotationProcessor,org.springframework.context.annotation.internalAutowiredAnnotationProcessor,org.springframework.context.annotation.internalRequiredAnnotationProcessor,org.springframework.context.annotation.internalCommonAnnotationProcessor,org.springframework.context.annotation.ConfigurationClassPostProcessor$ImportAwareBeanPostProcessor#0]; root of factory hierarchy
[INFO][2017-03-26 22:23:10,556][org.springframework.context.support.ClassPathXmlApplicationContext]Refreshing org.springframework.context.support.ClassPathXmlApplicationContext@16ba8602: startup date [Sun Mar 26 22:23:10 CST 2017]; root of context hierarchy
[INFO][2017-03-26 22:23:10,617][org.springframework.beans.factory.xml.XmlBeanDefinitionReader]Loading XML bean definitions from class path resource [spring.xml]
[INFO][2017-03-26 22:23:10,944][org.springframework.beans.factory.config.PropertyPlaceholderConfigurer]Loading properties file from class path resource [config.properties]
[INFO][2017-03-26 22:23:10,958][org.springframework.beans.factory.support.DefaultListableBeanFactory]Pre-instantiating singletons in org.springframework.beans.factory.support.DefaultListableBeanFactory@565bb966: defining beans [org.springframework.beans.factory.config.PropertyPlaceholderConfigurer#0,userServise,org.springframework.context.annotation.internalConfigurationAnnotationProcessor,org.springframework.context.annotation.internalAutowiredAnnotationProcessor,org.springframework.context.annotation.internalRequiredAnnotationProcessor,org.springframework.context.annotation.internalCommonAnnotationProcessor,org.springframework.context.annotation.ConfigurationClassPostProcessor$ImportAwareBeanPostProcessor#0]; root of factory hierarchy
[INFO][2017-03-30 20:49:35,013][org.springframework.context.support.ClassPathXmlApplicationContext]Refreshing org.springframework.context.support.ClassPathXmlApplicationContext@16ba8602: startup date [Thu Mar 30 20:49:35 CST 2017]; root of context hierarchy
[INFO][2017-03-30 20:49:35,100][org.springframework.beans.factory.xml.XmlBeanDefinitionReader]Loading XML bean definitions from class path resource [spring.xml]
[INFO][2017-03-30 20:49:35,648][org.springframework.beans.factory.config.PropertyPlaceholderConfigurer]Loading properties file from class path resource [config.properties]
[INFO][2017-03-30 20:49:35,676][org.springframework.beans.factory.support.DefaultListableBeanFactory]Pre-instantiating singletons in org.springframework.beans.factory.support.DefaultListableBeanFactory@7afaa550: defining beans [org.springframework.beans.factory.config.PropertyPlaceholderConfigurer#0,userService,org.springframework.context.annotation.internalConfigurationAnnotationProcessor,org.springframework.context.annotation.internalAutowiredAnnotationProcessor,org.springframework.context.annotation.internalRequiredAnnotationProcessor,org.springframework.context.annotation.internalCommonAnnotationProcessor,org.springframework.context.annotation.ConfigurationClassPostProcessor$ImportAwareBeanPostProcessor#0]; root of factory hierarchy
[INFO][2017-03-30 21:14:46,416][org.springframework.context.support.ClassPathXmlApplicationContext]Refreshing org.springframework.context.support.ClassPathXmlApplicationContext@16ba8602: startup date [Thu Mar 30 21:14:46 CST 2017]; root of context hierarchy
[INFO][2017-03-30 21:14:46,494][org.springframework.beans.factory.xml.XmlBeanDefinitionReader]Loading XML bean definitions from class path resource [spring.xml]
[INFO][2017-03-30 21:14:46,929][org.springframework.beans.factory.config.PropertyPlaceholderConfigurer]Loading properties file from class path resource [config.properties]
[INFO][2017-03-30 21:14:46,945][org.springframework.beans.factory.support.DefaultListableBeanFactory]Pre-instantiating singletons in org.springframework.beans.factory.support.DefaultListableBeanFactory@7afaa550: defining beans [org.springframework.beans.factory.config.PropertyPlaceholderConfigurer#0,userService,org.springframework.context.annotation.internalConfigurationAnnotationProcessor,org.springframework.context.annotation.internalAutowiredAnnotationProcessor,org.springframework.context.annotation.internalRequiredAnnotationProcessor,org.springframework.context.annotation.internalCommonAnnotationProcessor,org.springframework.context.annotation.ConfigurationClassPostProcessor$ImportAwareBeanPostProcessor#0]; root of factory hierarchy
[INFO][2017-03-30 21:26:46,452][org.springframework.context.support.ClassPathXmlApplicationContext]Refreshing org.springframework.context.support.ClassPathXmlApplicationContext@2fb3f8f6: startup date [Thu Mar 30 21:26:46 CST 2017]; root of context hierarchy
[INFO][2017-03-30 21:26:46,586][org.springframework.beans.factory.xml.XmlBeanDefinitionReader]Loading XML bean definitions from class path resource [spring.xml]
[INFO][2017-03-30 21:26:47,095][org.springframework.beans.factory.config.PropertyPlaceholderConfigurer]Loading properties file from class path resource [config.properties]
[INFO][2017-03-30 21:26:47,114][org.springframework.beans.factory.support.DefaultListableBeanFactory]Pre-instantiating singletons in org.springframework.beans.factory.support.DefaultListableBeanFactory@7afaa550: defining beans [org.springframework.beans.factory.config.PropertyPlaceholderConfigurer#0,userService,org.springframework.context.annotation.internalConfigurationAnnotationProcessor,org.springframework.context.annotation.internalAutowiredAnnotationProcessor,org.springframework.context.annotation.internalRequiredAnnotationProcessor,org.springframework.context.annotation.internalCommonAnnotationProcessor,org.springframework.context.annotation.ConfigurationClassPostProcessor$ImportAwareBeanPostProcessor#0]; root of factory hierarchy
[INFO][2017-04-03 22:43:28,491][org.springframework.context.support.ClassPathXmlApplicationContext]Refreshing org.springframework.context.support.ClassPathXmlApplicationContext@2fb3f8f6: startup date [Mon Apr 03 22:43:28 CST 2017]; root of context hierarchy
[INFO][2017-04-03 22:43:28,579][org.springframework.beans.factory.xml.XmlBeanDefinitionReader]Loading XML bean definitions from class path resource [spring.xml]
[INFO][2017-04-03 22:43:29,001][org.springframework.beans.factory.config.PropertyPlaceholderConfigurer]Loading properties file from class path resource [config.properties]
[INFO][2017-04-03 22:43:29,021][org.springframework.beans.factory.support.DefaultListableBeanFactory]Pre-instantiating singletons in org.springframework.beans.factory.support.DefaultListableBeanFactory@7afaa550: defining beans [org.springframework.beans.factory.config.PropertyPlaceholderConfigurer#0,userService,org.springframework.context.annotation.internalConfigurationAnnotationProcessor,org.springframework.context.annotation.internalAutowiredAnnotationProcessor,org.springframework.context.annotation.internalRequiredAnnotationProcessor,org.springframework.context.annotation.internalCommonAnnotationProcessor,org.springframework.context.annotation.ConfigurationClassPostProcessor$ImportAwareBeanPostProcessor#0]; root of factory hierarchy
[INFO][2017-04-03 22:52:25,804][org.springframework.context.support.ClassPathXmlApplicationContext]Refreshing org.springframework.context.support.ClassPathXmlApplicationContext@2fcac6db: startup date [Mon Apr 03 22:52:25 CST 2017]; root of context hierarchy
[INFO][2017-04-03 22:52:25,859][org.springframework.beans.factory.xml.XmlBeanDefinitionReader]Loading XML bean definitions from class path resource [spring.xml]
[INFO][2017-04-03 22:52:26,160][org.springframework.beans.factory.config.PropertyPlaceholderConfigurer]Loading properties file from class path resource [config.properties]
[INFO][2017-04-03 22:52:26,176][org.springframework.beans.factory.support.DefaultListableBeanFactory]Pre-instantiating singletons in org.springframework.beans.factory.support.DefaultListableBeanFactory@7d8a8ce2: defining beans [org.springframework.beans.factory.config.PropertyPlaceholderConfigurer#0,userService,org.springframework.context.annotation.internalConfigurationAnnotationProcessor,org.springframework.context.annotation.internalAutowiredAnnotationProcessor,org.springframework.context.annotation.internalRequiredAnnotationProcessor,org.springframework.context.annotation.internalCommonAnnotationProcessor,org.springframework.context.annotation.ConfigurationClassPostProcessor$ImportAwareBeanPostProcessor#0]; root of factory hierarchy
[INFO][2017-04-06 09:04:36,187][org.springframework.context.support.ClassPathXmlApplicationContext]Refreshing org.springframework.context.support.ClassPathXmlApplicationContext@2b275d39: startup date [Thu Apr 06 09:04:36 CST 2017]; root of context hierarchy
[INFO][2017-04-06 09:04:36,314][org.springframework.beans.factory.xml.XmlBeanDefinitionReader]Loading XML bean definitions from class path resource [spring.xml]
[INFO][2017-04-06 09:04:36,745][org.springframework.beans.factory.config.PropertyPlaceholderConfigurer]Loading properties file from class path resource [config.properties]
[INFO][2017-04-06 09:04:36,765][org.springframework.beans.factory.support.DefaultListableBeanFactory]Pre-instantiating singletons in org.springframework.beans.factory.support.DefaultListableBeanFactory@8c943d1: defining beans [org.springframework.beans.factory.config.PropertyPlaceholderConfigurer#0,userService,org.springframework.context.annotation.internalConfigurationAnnotationProcessor,org.springframework.context.annotation.internalAutowiredAnnotationProcessor,org.springframework.context.annotation.internalRequiredAnnotationProcessor,org.springframework.context.annotation.internalCommonAnnotationProcessor,org.springframework.context.annotation.ConfigurationClassPostProcessor$ImportAwareBeanPostProcessor#0]; root of factory hierarchy
[INFO][2017-04-06 09:06:34,271][org.springframework.context.support.ClassPathXmlApplicationContext]Refreshing org.springframework.context.support.ClassPathXmlApplicationContext@25595f51: startup date [Thu Apr 06 09:06:34 CST 2017]; root of context hierarchy
[INFO][2017-04-06 09:06:34,334][org.springframework.beans.factory.xml.XmlBeanDefinitionReader]Loading XML bean definitions from class path resource [spring.xml]
[INFO][2017-04-06 09:06:34,670][org.springframework.beans.factory.config.PropertyPlaceholderConfigurer]Loading properties file from class path resource [config.properties]
[INFO][2017-04-06 09:06:34,684][org.springframework.beans.factory.support.DefaultListableBeanFactory]Pre-instantiating singletons in org.springframework.beans.factory.support.DefaultListableBeanFactory@8c943d1: defining beans [org.springframework.beans.factory.config.PropertyPlaceholderConfigurer#0,userService,org.springframework.context.annotation.internalConfigurationAnnotationProcessor,org.springframework.context.annotation.internalAutowiredAnnotationProcessor,org.springframework.context.annotation.internalRequiredAnnotationProcessor,org.springframework.context.annotation.internalCommonAnnotationProcessor,org.springframework.context.annotation.ConfigurationClassPostProcessor$ImportAwareBeanPostProcessor#0]; root of factory hierarchy
[INFO][2017-04-06 09:06:56,406][org.springframework.context.support.ClassPathXmlApplicationContext]Refreshing org.springframework.context.support.ClassPathXmlApplicationContext@2fb3f8f6: startup date [Thu Apr 06 09:06:56 CST 2017]; root of context hierarchy
[INFO][2017-04-06 09:06:56,477][org.springframework.beans.factory.xml.XmlBeanDefinitionReader]Loading XML bean definitions from class path resource [spring.xml]
[INFO][2017-04-06 09:06:56,834][org.springframework.beans.factory.config.PropertyPlaceholderConfigurer]Loading properties file from class path resource [config.properties]
[INFO][2017-04-06 09:06:56,849][org.springframework.beans.factory.support.DefaultListableBeanFactory]Pre-instantiating singletons in org.springframework.beans.factory.support.DefaultListableBeanFactory@1fe903d5: defining beans [org.springframework.beans.factory.config.PropertyPlaceholderConfigurer#0,userService,org.springframework.context.annotation.internalConfigurationAnnotationProcessor,org.springframework.context.annotation.internalAutowiredAnnotationProcessor,org.springframework.context.annotation.internalRequiredAnnotationProcessor,org.springframework.context.annotation.internalCommonAnnotationProcessor,org.springframework.context.annotation.ConfigurationClassPostProcessor$ImportAwareBeanPostProcessor#0]; root of factory hierarchy
[INFO][2017-04-06 09:06:56,856][jy.service.impl.UserServiceImpl]≤‚ ‘≤‚ ‘
[INFO][2017-04-06 10:11:12,392][org.springframework.context.support.ClassPathXmlApplicationContext]Refreshing org.springframework.context.support.ClassPathXmlApplicationContext@604e280c: startup date [Thu Apr 06 10:11:12 CST 2017]; root of context hierarchy
[INFO][2017-04-06 10:11:12,461][org.springframework.beans.factory.xml.XmlBeanDefinitionReader]Loading XML bean definitions from class path resource [spring.xml]
[INFO][2017-04-06 10:11:12,850][org.springframework.beans.factory.config.PropertyPlaceholderConfigurer]Loading properties file from class path resource [config.properties]
[INFO][2017-04-06 10:11:12,866][org.springframework.beans.factory.support.DefaultListableBeanFactory]Pre-instantiating singletons in org.springframework.beans.factory.support.DefaultListableBeanFactory@132789d2: defining beans [org.springframework.beans.factory.config.PropertyPlaceholderConfigurer#0,userService,org.springframework.context.annotation.internalConfigurationAnnotationProcessor,org.springframework.context.annotation.internalAutowiredAnnotationProcessor,org.springframework.context.annotation.internalRequiredAnnotationProcessor,org.springframework.context.annotation.internalCommonAnnotationProcessor,org.springframework.context.annotation.ConfigurationClassPostProcessor$ImportAwareBeanPostProcessor#0]; root of factory hierarchy
[INFO][2017-04-06 10:11:12,874][jy.service.impl.UserServiceImpl]ÊµãËØïÊµãËØï
[INFO][2017-04-16 12:14:03,027][org.springframework.context.support.ClassPathXmlApplicationContext]Refreshing org.springframework.context.support.ClassPathXmlApplicationContext@30ec4a87: startup date [Sun Apr 16 12:14:03 CST 2017]; root of context hierarchy
[INFO][2017-04-16 12:14:03,121][org.springframework.beans.factory.xml.XmlBeanDefinitionReader]Loading XML bean definitions from class path resource [spring.xml]
[INFO][2017-04-16 12:14:03,558][org.springframework.beans.factory.config.PropertyPlaceholderConfigurer]Loading properties file from class path resource [config.properties]
[INFO][2017-04-16 12:14:03,576][org.springframework.beans.factory.support.DefaultListableBeanFactory]Pre-instantiating singletons in org.springframework.beans.factory.support.DefaultListableBeanFactory@595e2ccd: defining beans [org.springframework.beans.factory.config.PropertyPlaceholderConfigurer#0,userService,org.springframework.context.annotation.internalConfigurationAnnotationProcessor,org.springframework.context.annotation.internalAutowiredAnnotationProcessor,org.springframework.context.annotation.internalRequiredAnnotationProcessor,org.springframework.context.annotation.internalCommonAnnotationProcessor,org.springframework.context.annotation.internalPersistenceAnnotationProcessor,org.springframework.context.annotation.ConfigurationClassPostProcessor$ImportAwareBeanPostProcessor#0]; root of factory hierarchy
[INFO][2017-04-16 12:14:03,585][jy.service.impl.UserServiceImpl]ÊµãËØïÊµãËØï
[INFO][2017-04-16 13:45:15,316][org.springframework.context.support.ClassPathXmlApplicationContext]Refreshing org.springframework.context.support.ClassPathXmlApplicationContext@30ec4a87: startup date [Sun Apr 16 13:45:15 CST 2017]; root of context hierarchy
[INFO][2017-04-16 13:45:15,379][org.springframework.beans.factory.xml.XmlBeanDefinitionReader]Loading XML bean definitions from class path resource [spring.xml,classpath:spring-hibernate.xml]
[INFO][2017-04-16 13:49:53,512][org.springframework.context.support.ClassPathXmlApplicationContext]Refreshing org.springframework.context.support.ClassPathXmlApplicationContext@5a9e29fb: startup date [Sun Apr 16 13:49:53 CST 2017]; root of context hierarchy
[INFO][2017-04-16 13:49:53,575][org.springframework.beans.factory.xml.XmlBeanDefinitionReader]Loading XML bean definitions from class path resource [spring.xml]
[INFO][2017-04-16 13:49:53,831][org.springframework.beans.factory.xml.XmlBeanDefinitionReader]Loading XML bean definitions from class path resource [spring-hibernate.xml]
[INFO][2017-04-16 13:56:19,885][org.springframework.context.support.ClassPathXmlApplicationContext]Refreshing org.springframework.context.support.ClassPathXmlApplicationContext@30ec4a87: startup date [Sun Apr 16 13:56:19 CST 2017]; root of context hierarchy
[INFO][2017-04-16 13:56:20,093][org.springframework.beans.factory.xml.XmlBeanDefinitionReader]Loading XML bean definitions from class path resource [spring.xml]
[INFO][2017-04-16 13:56:20,118][org.springframework.context.support.ClassPathXmlApplicationContext]Refreshing org.springframework.context.support.ClassPathXmlApplicationContext@30ec4a87: startup date [Sun Apr 16 13:56:20 CST 2017]; root of context hierarchy
[INFO][2017-04-16 13:56:20,216][org.springframework.beans.factory.xml.XmlBeanDefinitionReader]Loading XML bean definitions from class path resource [spring.xml]
[INFO][2017-04-16 13:56:20,711][org.springframework.beans.factory.xml.XmlBeanDefinitionReader]Loading XML bean definitions from class path resource [spring-hibernate.xml]
[INFO][2017-04-16 13:56:20,721][org.springframework.beans.factory.xml.XmlBeanDefinitionReader]Loading XML bean definitions from class path resource [spring-hibernate.xml]
[INFO][2017-04-16 16:41:42,594][org.springframework.context.support.ClassPathXmlApplicationContext]Refreshing org.springframework.context.support.ClassPathXmlApplicationContext@6910fe28: startup date [Sun Apr 16 16:41:42 CST 2017]; root of context hierarchy
[INFO][2017-04-16 16:41:42,650][org.springframework.beans.factory.xml.XmlBeanDefinitionReader]Loading XML bean definitions from class path resource [spring.xml]
[INFO][2017-04-16 16:41:42,948][org.springframework.beans.factory.xml.XmlBeanDefinitionReader]Loading XML bean definitions from class path resource [spring-hibernate.xml]
[INFO][2017-04-16 16:45:31,524][org.springframework.context.support.ClassPathXmlApplicationContext]Refreshing org.springframework.context.support.ClassPathXmlApplicationContext@6910fe28: startup date [Sun Apr 16 16:45:31 CST 2017]; root of context hierarchy
[INFO][2017-04-16 16:45:31,624][org.springframework.beans.factory.xml.XmlBeanDefinitionReader]Loading XML bean definitions from class path resource [spring.xml]
[INFO][2017-04-16 16:45:32,018][org.springframework.beans.factory.xml.XmlBeanDefinitionReader]Loading XML bean definitions from class path resource [spring-hibernate.xml]
[INFO][2017-04-16 16:47:24,641][org.springframework.context.support.ClassPathXmlApplicationContext]Refreshing org.springframework.context.support.ClassPathXmlApplicationContext@2b5ac3c9: startup date [Sun Apr 16 16:47:24 CST 2017]; root of context hierarchy
[INFO][2017-04-16 16:47:24,704][org.springframework.beans.factory.xml.XmlBeanDefinitionReader]Loading XML bean definitions from class path resource [spring.xml]
[INFO][2017-04-16 16:47:24,917][org.springframework.beans.factory.xml.XmlBeanDefinitionReader]Loading XML bean definitions from class path resource [spring-hibernate.xml]
[INFO][2017-04-16 17:16:30,850][org.springframework.context.support.ClassPathXmlApplicationContext]Refreshing org.springframework.context.support.ClassPathXmlApplicationContext@30ec4a87: startup date [Sun Apr 16 17:16:30 CST 2017]; root of context hierarchy
[INFO][2017-04-16 17:16:30,916][org.springframework.beans.factory.xml.XmlBeanDefinitionReader]Loading XML bean definitions from class path resource [spring.xml]
[INFO][2017-04-16 17:16:31,228][org.springframework.beans.factory.xml.XmlBeanDefinitionReader]Loading XML bean definitions from class path resource [spring-hibernate.xml]
[INFO][2017-04-16 17:20:24,048][org.springframework.context.support.ClassPathXmlApplicationContext]Refreshing org.springframework.context.support.ClassPathXmlApplicationContext@6910fe28: startup date [Sun Apr 16 17:20:24 CST 2017]; root of context hierarchy
[INFO][2017-04-16 17:20:24,117][org.springframework.beans.factory.xml.XmlBeanDefinitionReader]Loading XML bean definitions from class path resource [spring.xml]
[INFO][2017-04-16 17:20:24,483][org.springframework.beans.factory.xml.XmlBeanDefinitionReader]Loading XML bean definitions from class path resource [spring-hibernate.xml]
[INFO][2017-04-16 17:21:09,101][org.springframework.context.support.ClassPathXmlApplicationContext]Refreshing org.springframework.context.support.ClassPathXmlApplicationContext@6910fe28: startup date [Sun Apr 16 17:21:09 CST 2017]; root of context hierarchy
[INFO][2017-04-16 17:21:09,161][org.springframework.beans.factory.xml.XmlBeanDefinitionReader]Loading XML bean definitions from class path resource [spring.xml]
[INFO][2017-04-16 17:21:09,421][org.springframework.beans.factory.xml.XmlBeanDefinitionReader]Loading XML bean definitions from class path resource [spring-hibernate.xml]
[INFO][2017-04-16 17:24:20,621][org.springframework.context.support.ClassPathXmlApplicationContext]Refreshing org.springframework.context.support.ClassPathXmlApplicationContext@30ec4a87: startup date [Sun Apr 16 17:24:20 CST 2017]; root of context hierarchy
[INFO][2017-04-16 17:24:20,686][org.springframework.beans.factory.xml.XmlBeanDefinitionReader]Loading XML bean definitions from class path resource [spring.xml]
[INFO][2017-04-16 17:24:20,930][org.springframework.beans.factory.xml.XmlBeanDefinitionReader]Loading XML bean definitions from class path resource [spring-hibernate.xml]
[INFO][2017-04-16 19:19:01,394][org.springframework.context.support.ClassPathXmlApplicationContext]Refreshing org.springframework.context.support.ClassPathXmlApplicationContext@71f1235b: startup date [Sun Apr 16 19:19:01 CST 2017]; root of context hierarchy
[INFO][2017-04-16 19:19:01,457][org.springframework.beans.factory.xml.XmlBeanDefinitionReader]Loading XML bean definitions from class path resource [spring.xml]
[INFO][2017-04-16 19:19:01,722][org.springframework.beans.factory.xml.XmlBeanDefinitionReader]Loading XML bean definitions from class path resource [spring-hibernate.xml]
[INFO][2017-04-16 19:22:05,251][org.springframework.context.support.ClassPathXmlApplicationContext]Refreshing org.springframework.context.support.ClassPathXmlApplicationContext@5a9e29fb: startup date [Sun Apr 16 19:22:05 CST 2017]; root of context hierarchy
[INFO][2017-04-16 19:22:05,298][org.springframework.beans.factory.xml.XmlBeanDefinitionReader]Loading XML bean definitions from class path resource [spring.xml]
[INFO][2017-04-16 19:22:05,517][org.springframework.beans.factory.xml.XmlBeanDefinitionReader]Loading XML bean definitions from class path resource [spring-hibernate.xml]
[INFO][2017-04-16 19:22:05,735][org.springframework.beans.factory.config.PropertyPlaceholderConfigurer]Loading properties file from class path resource [config.properties]
[INFO][2017-04-16 19:22:05,782][org.springframework.beans.factory.support.DefaultListableBeanFactory]Pre-instantiating singletons in org.springframework.beans.factory.support.DefaultListableBeanFactory@6f9ec4ed: defining beans [org.springframework.beans.factory.config.PropertyPlaceholderConfigurer#0,userDao,userService,org.springframework.context.annotation.internalConfigurationAnnotationProcessor,org.springframework.context.annotation.internalAutowiredAnnotationProcessor,org.springframework.context.annotation.internalRequiredAnnotationProcessor,org.springframework.context.annotation.internalCommonAnnotationProcessor,org.springframework.context.annotation.internalPersistenceAnnotationProcessor,dataSource,sessionFactory,transactionManager,transactionAdvice,org.springframework.aop.config.internalAutoProxyCreator,transactionPointcut,org.springframework.aop.support.DefaultBeanFactoryPointcutAdvisor#0,org.springframework.context.annotation.ConfigurationClassPostProcessor$ImportAwareBeanPostProcessor#0]; root of factory hierarchy
[ERROR][2017-04-16 19:22:06,219][com.alibaba.druid.pool.DruidAbstractDataSource]maxIdle is deprecated
[INFO][2017-04-16 19:22:06,329][com.alibaba.druid.pool.DruidDataSource]{dataSource-1} inited
[INFO][2017-04-16 19:22:06,625][org.hibernate.annotations.common.Version]HCANN000001: Hibernate Commons Annotations {4.0.1.Final}
[INFO][2017-04-16 19:22:06,625][org.hibernate.Version]HHH000412: Hibernate Core {4.1.7.Final}
[INFO][2017-04-16 19:22:06,625][org.hibernate.cfg.Environment]HHH000206: hibernate.properties not found
[INFO][2017-04-16 19:22:06,625][org.hibernate.cfg.Environment]HHH000021: Bytecode provider name : javassist
[INFO][2017-04-16 19:22:07,015][org.hibernate.dialect.Dialect]HHH000400: Using dialect: org.hibernate.dialect.OracleDialect
[WARN][2017-04-16 19:22:07,015][org.hibernate.dialect.Oracle9Dialect]HHH000063: The Oracle9Dialect dialect has been deprecated; use either Oracle9iDialect or Oracle10gDialect instead
[WARN][2017-04-16 19:22:07,015][org.hibernate.dialect.OracleDialect]HHH000064: The OracleDialect dialect has been deprecated; use Oracle8iDialect instead
[INFO][2017-04-16 19:22:07,015][org.hibernate.engine.jdbc.internal.LobCreatorBuilder]HHH000424: Disabling contextual LOB creation as createClob() method threw error : java.lang.reflect.InvocationTargetException
[INFO][2017-04-16 19:22:07,031][org.hibernate.engine.transaction.internal.TransactionFactoryInitiator]HHH000399: Using default transaction strategy (direct JDBC transactions)
[INFO][2017-04-16 19:22:07,031][org.hibernate.hql.internal.ast.ASTQueryTranslatorFactory]HHH000397: Using ASTQueryTranslatorFactory
[INFO][2017-04-16 19:22:07,202][org.hibernate.tool.hbm2ddl.SchemaUpdate]HHH000228: Running hbm2ddl schema update
[INFO][2017-04-16 19:22:07,202][org.hibernate.tool.hbm2ddl.SchemaUpdate]HHH000102: Fetching database metadata
[INFO][2017-04-16 19:22:07,296][org.hibernate.tool.hbm2ddl.SchemaUpdate]HHH000396: Updating schema
[INFO][2017-04-16 19:22:07,437][java.sql.DatabaseMetaData]HHH000262: Table not found: TUSER
[INFO][2017-04-16 19:22:07,437][java.sql.DatabaseMetaData]HHH000262: Table not found: TUSER
[ERROR][2017-04-16 19:22:07,453][com.alibaba.druid.filter.stat.StatFilter]merge sql error, dbType oracle, sql : 

    create table SSHE.TUSER (
        ID varchar2(36) not null unique,
        CREATEDATETIME date,
        MODIFYDATETIME date,
        NAME varchar2(100) not null unique,
        PWD varchar2(32) not null,
        primary key (ID),
        unique (NAME)
    )
com.alibaba.druid.sql.parser.SQLParseException: syntax error, expect RPAREN, actual UNIQUE unique
	at com.alibaba.druid.sql.parser.SQLParser.accept(SQLParser.java:121)
	at com.alibaba.druid.sql.parser.SQLCreateTableParser.parseCrateTable(SQLCreateTableParser.java:97)
	at com.alibaba.druid.sql.dialect.oracle.parser.OracleCreateTableParser.parseCrateTable(OracleCreateTableParser.java:45)
	at com.alibaba.druid.sql.dialect.oracle.parser.OracleCreateTableParser.parseCrateTable(OracleCreateTableParser.java:30)
	at com.alibaba.druid.sql.parser.SQLStatementParser.parseCreate(SQLStatementParser.java:483)
	at com.alibaba.druid.sql.dialect.oracle.parser.OracleStatementParser.parseStatementList(OracleStatementParser.java:171)
	at com.alibaba.druid.sql.dialect.oracle.parser.OracleStatementParser.parseStatementList(OracleStatementParser.java:134)
	at com.alibaba.druid.sql.parser.SQLStatementParser.parseStatementList(SQLStatementParser.java:68)
	at com.alibaba.druid.sql.visitor.ParameterizedOutputVisitorUtils.parameterize(ParameterizedOutputVisitorUtils.java:40)
	at com.alibaba.druid.filter.stat.StatFilter.mergeSql(StatFilter.java:145)
	at com.alibaba.druid.filter.stat.StatFilter.createSqlStat(StatFilter.java:647)
	at com.alibaba.druid.filter.stat.StatFilter.internalBeforeStatementExecute(StatFilter.java:402)
	at com.alibaba.druid.filter.stat.StatFilter.statementExecuteUpdateBefore(StatFilter.java:325)
	at com.alibaba.druid.filter.FilterEventAdapter.statement_executeUpdate(FilterEventAdapter.java:324)
	at com.alibaba.druid.filter.FilterChainImpl.statement_executeUpdate(FilterChainImpl.java:2369)
	at com.alibaba.druid.proxy.jdbc.StatementProxyImpl.executeUpdate(StatementProxyImpl.java:169)
	at com.alibaba.druid.pool.DruidPooledStatement.executeUpdate(DruidPooledStatement.java:135)
	at org.hibernate.tool.hbm2ddl.SchemaUpdate.execute(SchemaUpdate.java:227)
	at org.hibernate.tool.hbm2ddl.SchemaUpdate.execute(SchemaUpdate.java:178)
	at org.hibernate.internal.SessionFactoryImpl.<init>(SessionFactoryImpl.java:492)
	at org.hibernate.cfg.Configuration.buildSessionFactory(Configuration.java:1750)
	at org.hibernate.cfg.Configuration.buildSessionFactory(Configuration.java:1788)
	at org.springframework.orm.hibernate4.LocalSessionFactoryBuilder.buildSessionFactory(LocalSessionFactoryBuilder.java:242)
	at org.springframework.orm.hibernate4.LocalSessionFactoryBean.buildSessionFactory(LocalSessionFactoryBean.java:372)
	at org.springframework.orm.hibernate4.LocalSessionFactoryBean.afterPropertiesSet(LocalSessionFactoryBean.java:357)
	at org.springframework.beans.factory.support.AbstractAutowireCapableBeanFactory.invokeInitMethods(AbstractAutowireCapableBeanFactory.java:1514)
	at org.springframework.beans.factory.support.AbstractAutowireCapableBeanFactory.initializeBean(AbstractAutowireCapableBeanFactory.java:1452)
	at org.springframework.beans.factory.support.AbstractAutowireCapableBeanFactory.doCreateBean(AbstractAutowireCapableBeanFactory.java:519)
	at org.springframework.beans.factory.support.AbstractAutowireCapableBeanFactory.createBean(AbstractAutowireCapableBeanFactory.java:456)
	at org.springframework.beans.factory.support.AbstractBeanFactory$1.getObject(AbstractBeanFactory.java:294)
	at org.springframework.beans.factory.support.DefaultSingletonBeanRegistry.getSingleton(DefaultSingletonBeanRegistry.java:225)
	at org.springframework.beans.factory.support.AbstractBeanFactory.doGetBean(AbstractBeanFactory.java:291)
	at org.springframework.beans.factory.support.AbstractBeanFactory.getBean(AbstractBeanFactory.java:193)
	at org.springframework.beans.factory.support.DefaultListableBeanFactory.findAutowireCandidates(DefaultListableBeanFactory.java:876)
	at org.springframework.beans.factory.support.DefaultListableBeanFactory.doResolveDependency(DefaultListableBeanFactory.java:818)
	at org.springframework.beans.factory.support.DefaultListableBeanFactory.resolveDependency(DefaultListableBeanFactory.java:735)
	at org.springframework.beans.factory.annotation.AutowiredAnnotationBeanPostProcessor$AutowiredMethodElement.inject(AutowiredAnnotationBeanPostProcessor.java:551)
	at org.springframework.beans.factory.annotation.InjectionMetadata.inject(InjectionMetadata.java:87)
	at org.springframework.beans.factory.annotation.AutowiredAnnotationBeanPostProcessor.postProcessPropertyValues(AutowiredAnnotationBeanPostProcessor.java:284)
	at org.springframework.beans.factory.support.AbstractAutowireCapableBeanFactory.populateBean(AbstractAutowireCapableBeanFactory.java:1106)
	at org.springframework.beans.factory.support.AbstractAutowireCapableBeanFactory.doCreateBean(AbstractAutowireCapableBeanFactory.java:517)
	at org.springframework.beans.factory.support.AbstractAutowireCapableBeanFactory.createBean(AbstractAutowireCapableBeanFactory.java:456)
	at org.springframework.beans.factory.support.AbstractBeanFactory$1.getObject(AbstractBeanFactory.java:294)
	at org.springframework.beans.factory.support.DefaultSingletonBeanRegistry.getSingleton(DefaultSingletonBeanRegistry.java:225)
	at org.springframework.beans.factory.support.AbstractBeanFactory.doGetBean(AbstractBeanFactory.java:291)
	at org.springframework.beans.factory.support.AbstractBeanFactory.getBean(AbstractBeanFactory.java:193)
	at org.springframework.beans.factory.support.DefaultListableBeanFactory.preInstantiateSingletons(DefaultListableBeanFactory.java:609)
	at org.springframework.context.support.AbstractApplicationContext.finishBeanFactoryInitialization(AbstractApplicationContext.java:918)
	at org.springframework.context.support.AbstractApplicationContext.refresh(AbstractApplicationContext.java:469)
	at org.springframework.context.support.ClassPathXmlApplicationContext.<init>(ClassPathXmlApplicationContext.java:139)
	at org.springframework.context.support.ClassPathXmlApplicationContext.<init>(ClassPathXmlApplicationContext.java:93)
	at jy.test.testHibernate.test(testHibernate.java:17)
	at sun.reflect.NativeMethodAccessorImpl.invoke0(Native Method)
	at sun.reflect.NativeMethodAccessorImpl.invoke(NativeMethodAccessorImpl.java:39)
	at sun.reflect.DelegatingMethodAccessorImpl.invoke(DelegatingMethodAccessorImpl.java:25)
	at java.lang.reflect.Method.invoke(Method.java:597)
	at org.junit.runners.model.FrameworkMethod$1.runReflectiveCall(FrameworkMethod.java:47)
	at org.junit.internal.runners.model.ReflectiveCallable.run(ReflectiveCallable.java:12)
	at org.junit.runners.model.FrameworkMethod.invokeExplosively(FrameworkMethod.java:44)
	at org.junit.internal.runners.statements.InvokeMethod.evaluate(InvokeMethod.java:17)
	at org.junit.runners.ParentRunner.runLeaf(ParentRunner.java:271)
	at org.junit.runners.BlockJUnit4ClassRunner.runChild(BlockJUnit4ClassRunner.java:70)
	at org.junit.runners.BlockJUnit4ClassRunner.runChild(BlockJUnit4ClassRunner.java:50)
	at org.junit.runners.ParentRunner$3.run(ParentRunner.java:238)
	at org.junit.runners.ParentRunner$1.schedule(ParentRunner.java:63)
	at org.junit.runners.ParentRunner.runChildren(ParentRunner.java:236)
	at org.junit.runners.ParentRunner.access$000(ParentRunner.java:53)
	at org.junit.runners.ParentRunner$2.evaluate(ParentRunner.java:229)
	at org.junit.runners.ParentRunner.run(ParentRunner.java:309)
	at org.eclipse.jdt.internal.junit4.runner.JUnit4TestReference.run(JUnit4TestReference.java:50)
	at org.eclipse.jdt.internal.junit.runner.TestExecution.run(TestExecution.java:38)
	at org.eclipse.jdt.internal.junit.runner.RemoteTestRunner.runTests(RemoteTestRunner.java:467)
	at org.eclipse.jdt.internal.junit.runner.RemoteTestRunner.runTests(RemoteTestRunner.java:683)
	at org.eclipse.jdt.internal.junit.runner.RemoteTestRunner.run(RemoteTestRunner.java:390)
	at org.eclipse.jdt.internal.junit.runner.RemoteTestRunner.main(RemoteTestRunner.java:197)
[ERROR][2017-04-16 19:22:07,453][org.hibernate.tool.hbm2ddl.SchemaUpdate]HHH000388: Unsuccessful: create table SSHE.TUSER (ID varchar2(36) not null unique, CREATEDATETIME date, MODIFYDATETIME date, NAME varchar2(100) not null unique, PWD varchar2(32) not null, primary key (ID), unique (NAME))
[ERROR][2017-04-16 19:22:07,453][org.hibernate.tool.hbm2ddl.SchemaUpdate]ORA-01918: Áî®Êà∑ 'SSHE' ‰∏çÂ≠òÂú®

[INFO][2017-04-16 19:22:07,453][org.hibernate.tool.hbm2ddl.SchemaUpdate]HHH000232: Schema update complete
[INFO][2017-04-16 19:22:07,547][org.springframework.orm.hibernate4.HibernateTransactionManager]Using DataSource [{
	CreateTime:"2017-04-16 19:22:05",
	ActiveCount:0,
	PoolingCount:1,
	CreateCount:1,
	DestroyCount:0,
	CloseCount:2,
	ConnectCount:2,
	Connections:[
		{ID:1704883006, ConnectTime:"2017-04-16 19:22:06", UseCount:2, LastActiveTime:"2017-04-16 19:22:07"}
	]
}] of Hibernate SessionFactory for HibernateTransactionManager
[WARN][2017-04-16 19:22:07,749][org.hibernate.engine.jdbc.spi.SqlExceptionHelper]SQL Error: 942, SQLState: 42000
[ERROR][2017-04-16 19:22:07,749][org.hibernate.engine.jdbc.spi.SqlExceptionHelper]ORA-00942: Ë°®ÊàñËßÜÂõæ‰∏çÂ≠òÂú®

[INFO][2017-04-16 19:22:07,749][org.hibernate.engine.jdbc.batch.internal.AbstractBatchImpl]HHH000010: On release of batch it still contained JDBC statements
[INFO][2017-04-16 20:19:52,428][org.springframework.context.support.ClassPathXmlApplicationContext]Refreshing org.springframework.context.support.ClassPathXmlApplicationContext@5a9e29fb: startup date [Sun Apr 16 20:19:52 CST 2017]; root of context hierarchy
[INFO][2017-04-16 20:19:52,484][org.springframework.beans.factory.xml.XmlBeanDefinitionReader]Loading XML bean definitions from class path resource [spring.xml]
[INFO][2017-04-16 20:19:52,711][org.springframework.beans.factory.xml.XmlBeanDefinitionReader]Loading XML bean definitions from class path resource [spring-hibernate.xml]
[INFO][2017-04-16 20:19:52,950][org.springframework.beans.factory.config.PropertyPlaceholderConfigurer]Loading properties file from class path resource [config.properties]
[INFO][2017-04-16 20:19:52,997][org.springframework.beans.factory.support.DefaultListableBeanFactory]Pre-instantiating singletons in org.springframework.beans.factory.support.DefaultListableBeanFactory@2f60877b: defining beans [org.springframework.beans.factory.config.PropertyPlaceholderConfigurer#0,userDao,userService,org.springframework.context.annotation.internalConfigurationAnnotationProcessor,org.springframework.context.annotation.internalAutowiredAnnotationProcessor,org.springframework.context.annotation.internalRequiredAnnotationProcessor,org.springframework.context.annotation.internalCommonAnnotationProcessor,org.springframework.context.annotation.internalPersistenceAnnotationProcessor,dataSource,sessionFactory,transactionManager,transactionAdvice,org.springframework.aop.config.internalAutoProxyCreator,transactionPointcut,org.springframework.aop.support.DefaultBeanFactoryPointcutAdvisor#0,org.springframework.context.annotation.ConfigurationClassPostProcessor$ImportAwareBeanPostProcessor#0]; root of factory hierarchy
[ERROR][2017-04-16 20:19:53,461][com.alibaba.druid.pool.DruidAbstractDataSource]maxIdle is deprecated
[INFO][2017-04-16 20:19:53,536][com.alibaba.druid.pool.DruidDataSource]{dataSource-1} inited
[INFO][2017-04-16 20:19:53,876][org.hibernate.annotations.common.Version]HCANN000001: Hibernate Commons Annotations {4.0.1.Final}
[INFO][2017-04-16 20:19:53,882][org.hibernate.Version]HHH000412: Hibernate Core {4.1.7.Final}
[INFO][2017-04-16 20:19:53,884][org.hibernate.cfg.Environment]HHH000206: hibernate.properties not found
[INFO][2017-04-16 20:19:53,886][org.hibernate.cfg.Environment]HHH000021: Bytecode provider name : javassist
[INFO][2017-04-16 20:19:54,298][org.hibernate.dialect.Dialect]HHH000400: Using dialect: org.hibernate.dialect.OracleDialect
[WARN][2017-04-16 20:19:54,304][org.hibernate.dialect.Oracle9Dialect]HHH000063: The Oracle9Dialect dialect has been deprecated; use either Oracle9iDialect or Oracle10gDialect instead
[WARN][2017-04-16 20:19:54,306][org.hibernate.dialect.OracleDialect]HHH000064: The OracleDialect dialect has been deprecated; use Oracle8iDialect instead
[INFO][2017-04-16 20:19:54,308][org.hibernate.engine.jdbc.internal.LobCreatorBuilder]HHH000424: Disabling contextual LOB creation as createClob() method threw error : java.lang.reflect.InvocationTargetException
[INFO][2017-04-16 20:19:54,319][org.hibernate.engine.transaction.internal.TransactionFactoryInitiator]HHH000399: Using default transaction strategy (direct JDBC transactions)
[INFO][2017-04-16 20:19:54,325][org.hibernate.hql.internal.ast.ASTQueryTranslatorFactory]HHH000397: Using ASTQueryTranslatorFactory
[INFO][2017-04-16 20:19:54,530][org.hibernate.tool.hbm2ddl.SchemaUpdate]HHH000228: Running hbm2ddl schema update
[INFO][2017-04-16 20:19:54,530][org.hibernate.tool.hbm2ddl.SchemaUpdate]HHH000102: Fetching database metadata
[INFO][2017-04-16 20:19:54,591][org.hibernate.tool.hbm2ddl.SchemaUpdate]HHH000396: Updating schema
[INFO][2017-04-16 20:20:00,978][org.hibernate.tool.hbm2ddl.TableMetadata]HHH000261: Table found: MYDB.TUSER
[INFO][2017-04-16 20:20:00,978][org.hibernate.tool.hbm2ddl.TableMetadata]HHH000037: Columns: [id, pwd, name, modifydatetime, createdatetime]
[INFO][2017-04-16 20:20:00,978][org.hibernate.tool.hbm2ddl.TableMetadata]HHH000108: Foreign keys: []
[INFO][2017-04-16 20:20:00,978][org.hibernate.tool.hbm2ddl.TableMetadata]HHH000126: Indexes: [u_tuser_name, p_tuser_id]
[INFO][2017-04-16 20:20:00,979][org.hibernate.tool.hbm2ddl.SchemaUpdate]HHH000232: Schema update complete
[INFO][2017-04-16 20:20:01,052][org.springframework.orm.hibernate4.HibernateTransactionManager]Using DataSource [{
	CreateTime:"2017-04-16 20:19:53",
	ActiveCount:0,
	PoolingCount:1,
	CreateCount:1,
	DestroyCount:0,
	CloseCount:2,
	ConnectCount:2,
	Connections:[
		{ID:32210213, ConnectTime:"2017-04-16 20:19:54", UseCount:2, LastActiveTime:"2017-04-16 20:20:00"}
	]
}] of Hibernate SessionFactory for HibernateTransactionManager
[INFO][2017-04-16 20:21:24,745][org.springframework.context.support.ClassPathXmlApplicationContext]Refreshing org.springframework.context.support.ClassPathXmlApplicationContext@2087c268: startup date [Sun Apr 16 20:21:24 CST 2017]; root of context hierarchy
[INFO][2017-04-16 20:21:24,800][org.springframework.beans.factory.xml.XmlBeanDefinitionReader]Loading XML bean definitions from class path resource [spring.xml]
[INFO][2017-04-16 20:21:25,033][org.springframework.beans.factory.xml.XmlBeanDefinitionReader]Loading XML bean definitions from class path resource [spring-hibernate.xml]
[INFO][2017-04-16 20:21:25,287][org.springframework.beans.factory.config.PropertyPlaceholderConfigurer]Loading properties file from class path resource [config.properties]
[INFO][2017-04-16 20:21:25,349][org.springframework.beans.factory.support.DefaultListableBeanFactory]Pre-instantiating singletons in org.springframework.beans.factory.support.DefaultListableBeanFactory@75bc16f0: defining beans [org.springframework.beans.factory.config.PropertyPlaceholderConfigurer#0,userDao,userService,org.springframework.context.annotation.internalConfigurationAnnotationProcessor,org.springframework.context.annotation.internalAutowiredAnnotationProcessor,org.springframework.context.annotation.internalRequiredAnnotationProcessor,org.springframework.context.annotation.internalCommonAnnotationProcessor,org.springframework.context.annotation.internalPersistenceAnnotationProcessor,dataSource,sessionFactory,transactionManager,transactionAdvice,org.springframework.aop.config.internalAutoProxyCreator,transactionPointcut,org.springframework.aop.support.DefaultBeanFactoryPointcutAdvisor#0,org.springframework.context.annotation.ConfigurationClassPostProcessor$ImportAwareBeanPostProcessor#0]; root of factory hierarchy
[ERROR][2017-04-16 20:21:25,840][com.alibaba.druid.pool.DruidAbstractDataSource]maxIdle is deprecated
[INFO][2017-04-16 20:21:25,916][com.alibaba.druid.pool.DruidDataSource]{dataSource-1} inited
[INFO][2017-04-16 20:21:26,263][org.hibernate.annotations.common.Version]HCANN000001: Hibernate Commons Annotations {4.0.1.Final}
[INFO][2017-04-16 20:21:26,269][org.hibernate.Version]HHH000412: Hibernate Core {4.1.7.Final}
[INFO][2017-04-16 20:21:26,271][org.hibernate.cfg.Environment]HHH000206: hibernate.properties not found
[INFO][2017-04-16 20:21:26,273][org.hibernate.cfg.Environment]HHH000021: Bytecode provider name : javassist
[INFO][2017-04-16 20:21:26,697][org.hibernate.dialect.Dialect]HHH000400: Using dialect: org.hibernate.dialect.OracleDialect
[WARN][2017-04-16 20:21:26,702][org.hibernate.dialect.Oracle9Dialect]HHH000063: The Oracle9Dialect dialect has been deprecated; use either Oracle9iDialect or Oracle10gDialect instead
[WARN][2017-04-16 20:21:26,703][org.hibernate.dialect.OracleDialect]HHH000064: The OracleDialect dialect has been deprecated; use Oracle8iDialect instead
[INFO][2017-04-16 20:21:26,705][org.hibernate.engine.jdbc.internal.LobCreatorBuilder]HHH000424: Disabling contextual LOB creation as createClob() method threw error : java.lang.reflect.InvocationTargetException
[INFO][2017-04-16 20:21:26,713][org.hibernate.engine.transaction.internal.TransactionFactoryInitiator]HHH000399: Using default transaction strategy (direct JDBC transactions)
[INFO][2017-04-16 20:21:26,717][org.hibernate.hql.internal.ast.ASTQueryTranslatorFactory]HHH000397: Using ASTQueryTranslatorFactory
[INFO][2017-04-16 20:21:26,923][org.hibernate.tool.hbm2ddl.SchemaUpdate]HHH000228: Running hbm2ddl schema update
[INFO][2017-04-16 20:21:26,923][org.hibernate.tool.hbm2ddl.SchemaUpdate]HHH000102: Fetching database metadata
[INFO][2017-04-16 20:21:27,006][org.hibernate.tool.hbm2ddl.SchemaUpdate]HHH000396: Updating schema
[INFO][2017-04-16 20:21:27,062][org.hibernate.tool.hbm2ddl.TableMetadata]HHH000261: Table found: MYDB.TUSER
[INFO][2017-04-16 20:21:27,062][org.hibernate.tool.hbm2ddl.TableMetadata]HHH000037: Columns: [id, pwd, name, modifydatetime, createdatetime]
[INFO][2017-04-16 20:21:27,062][org.hibernate.tool.hbm2ddl.TableMetadata]HHH000108: Foreign keys: []
[INFO][2017-04-16 20:21:27,062][org.hibernate.tool.hbm2ddl.TableMetadata]HHH000126: Indexes: [u_tuser_name, p_tuser_id]
[INFO][2017-04-16 20:21:27,063][org.hibernate.tool.hbm2ddl.SchemaUpdate]HHH000232: Schema update complete
[INFO][2017-04-16 20:21:27,166][org.springframework.orm.hibernate4.HibernateTransactionManager]Using DataSource [{
	CreateTime:"2017-04-16 20:21:25",
	ActiveCount:0,
	PoolingCount:1,
	CreateCount:1,
	DestroyCount:0,
	CloseCount:2,
	ConnectCount:2,
	Connections:[
		{ID:413461956, ConnectTime:"2017-04-16 20:21:26", UseCount:2, LastActiveTime:"2017-04-16 20:21:27"}
	]
}] of Hibernate SessionFactory for HibernateTransactionManager
[WARN][2017-04-16 20:21:27,371][org.hibernate.engine.jdbc.spi.SqlExceptionHelper]SQL Error: 1, SQLState: 23000
[ERROR][2017-04-16 20:21:27,371][org.hibernate.engine.jdbc.spi.SqlExceptionHelper]ORA-00001: ËøùÂèçÂîØ‰∏ÄÁ∫¶ÊùüÊù°‰ª∂ (MYDB.U_TUSER_NAME)

[INFO][2017-04-16 20:21:27,374][org.hibernate.engine.jdbc.batch.internal.AbstractBatchImpl]HHH000010: On release of batch it still contained JDBC statements
